# JRE version: OpenJDK Runtime Environment (7.0_95) (build 1.7.0_95-b00)
# Java VM: OpenJDK 64-Bit Server VM (24.95-b01 mixed mode linux-amd64 compressed oops)
Heap
 PSYoungGen      total 233472K, used 0K [0x00000000eaa80000, 0x0000000100000000, 0x0000000100000000)
  eden space 117248K, 0% used [0x00000000eaa80000,0x00000000eaa80000,0x00000000f1d00000)
  from space 116224K, 0% used [0x00000000f8e80000,0x00000000f8e80000,0x0000000100000000)
  to   space 116224K, 0% used [0x00000000f1d00000,0x00000000f1d00000,0x00000000f8e80000)
 ParOldGen       total 338944K, used 237391K [0x00000000c0000000, 0x00000000d4b00000, 0x00000000eaa80000)
  object space 338944K, 70% used [0x00000000c0000000,0x00000000ce7d3c50,0x00000000d4b00000)
 PSPermGen       total 21504K, used 6356K [0x00000000b5a00000, 0x00000000b6f00000, 0x00000000c0000000)
  object space 21504K, 29% used [0x00000000b5a00000,0x00000000b6035100,0x00000000b6f00000)
GC Heap History (10 events):
Event: 39.407 GC heap after
Heap after GC invocations=20 (full 4):
 PSYoungGen      total 236032K, used 64314K [0x00000000eaa80000, 0x0000000100000000, 0x0000000100000000)
  eden space 127488K, 0% used [0x00000000eaa80000,0x00000000eaa80000,0x00000000f2700000)
  from space 108544K, 59% used [0x00000000f9600000,0x00000000fd4ceb88,0x0000000100000000)
  to   space 111104K, 0% used [0x00000000f2700000,0x00000000f2700000,0x00000000f9380000)
 ParOldGen       total 323584K, used 169899K [0x00000000c0000000, 0x00000000d3c00000, 0x00000000eaa80000)
  object space 323584K, 52% used [0x00000000c0000000,0x00000000ca5eace0,0x00000000d3c00000)
 PSPermGen       total 21504K, used 6317K [0x00000000b5a00000, 0x00000000b6f00000, 0x00000000c0000000)
  object space 21504K, 29% used [0x00000000b5a00000,0x00000000b602b508,0x00000000b6f00000)
}
Event: 40.224 GC heap before
{Heap before GC invocations=21 (full 4):
 PSYoungGen      total 236032K, used 191802K [0x00000000eaa80000, 0x0000000100000000, 0x0000000100000000)
  eden space 127488K, 100% used [0x00000000eaa80000,0x00000000f2700000,0x00000000f2700000)
  from space 108544K, 59% used [0x00000000f9600000,0x00000000fd4ceb88,0x0000000100000000)
  to   space 111104K, 0% used [0x00000000f2700000,0x00000000f2700000,0x00000000f9380000)
 ParOldGen       total 323584K, used 169899K [0x00000000c0000000, 0x00000000d3c00000, 0x00000000eaa80000)
  object space 323584K, 52% used [0x00000000c0000000,0x00000000ca5eace0,0x00000000d3c00000)
 PSPermGen       total 21504K, used 6319K [0x00000000b5a00000, 0x00000000b6f00000, 0x00000000c0000000)
  object space 21504K, 29% used [0x00000000b5a00000,0x00000000b602bf68,0x00000000b6f00000)
Event: 40.290 GC heap after
Heap after GC invocations=21 (full 4):
 PSYoungGen      total 209408K, used 81452K [0x00000000eaa80000, 0x0000000100000000, 0x0000000100000000)
  eden space 127488K, 0% used [0x00000000eaa80000,0x00000000eaa80000,0x00000000f2700000)
  from space 81920K, 99% used [0x00000000f2700000,0x00000000f768b1e8,0x00000000f7700000)
  to   space 116224K, 0% used [0x00000000f8e80000,0x00000000f8e80000,0x0000000100000000)
 ParOldGen       total 323584K, used 169899K [0x00000000c0000000, 0x00000000d3c00000, 0x00000000eaa80000)
  object space 323584K, 52% used [0x00000000c0000000,0x00000000ca5eace0,0x00000000d3c00000)
 PSPermGen       total 21504K, used 6319K [0x00000000b5a00000, 0x00000000b6f00000, 0x00000000c0000000)
  object space 21504K, 29% used [0x00000000b5a00000,0x00000000b602bf68,0x00000000b6f00000)
}
Event: 40.986 GC heap before
{Heap before GC invocations=22 (full 4):
 PSYoungGen      total 209408K, used 208940K [0x00000000eaa80000, 0x0000000100000000, 0x0000000100000000)
  eden space 127488K, 100% used [0x00000000eaa80000,0x00000000f2700000,0x00000000f2700000)
  from space 81920K, 99% used [0x00000000f2700000,0x00000000f768b1e8,0x00000000f7700000)
  to   space 116224K, 0% used [0x00000000f8e80000,0x00000000f8e80000,0x0000000100000000)
 ParOldGen       total 323584K, used 169899K [0x00000000c0000000, 0x00000000d3c00000, 0x00000000eaa80000)
  object space 323584K, 52% used [0x00000000c0000000,0x00000000ca5eace0,0x00000000d3c00000)
 PSPermGen       total 21504K, used 6350K [0x00000000b5a00000, 0x00000000b6f00000, 0x00000000c0000000)
  object space 21504K, 29% used [0x00000000b5a00000,0x00000000b6033810,0x00000000b6f00000)
Event: 41.077 GC heap after
Heap after GC invocations=22 (full 4):
 PSYoungGen      total 233472K, used 63903K [0x00000000eaa80000, 0x0000000100000000, 0x0000000100000000)
  eden space 117248K, 0% used [0x00000000eaa80000,0x00000000eaa80000,0x00000000f1d00000)
  from space 116224K, 54% used [0x00000000f8e80000,0x00000000fcce7fd8,0x0000000100000000)
  to   space 116224K, 0% used [0x00000000f1d00000,0x00000000f1d00000,0x00000000f8e80000)
 ParOldGen       total 323584K, used 199711K [0x00000000c0000000, 0x00000000d3c00000, 0x00000000eaa80000)
  object space 323584K, 61% used [0x00000000c0000000,0x00000000cc307f58,0x00000000d3c00000)
 PSPermGen       total 21504K, used 6350K [0x00000000b5a00000, 0x00000000b6f00000, 0x00000000c0000000)
  object space 21504K, 29% used [0x00000000b5a00000,0x00000000b6033810,0x00000000b6f00000)
}
Event: 41.167 GC heap before
{Heap before GC invocations=23 (full 4):
 PSYoungGen      total 233472K, used 181151K [0x00000000eaa80000, 0x0000000100000000, 0x0000000100000000)
  eden space 117248K, 100% used [0x00000000eaa80000,0x00000000f1d00000,0x00000000f1d00000)
  from space 116224K, 54% used [0x00000000f8e80000,0x00000000fcce7fd8,0x0000000100000000)
  to   space 116224K, 0% used [0x00000000f1d00000,0x00000000f1d00000,0x00000000f8e80000)
 ParOldGen       total 323584K, used 199711K [0x00000000c0000000, 0x00000000d3c00000, 0x00000000eaa80000)
  object space 323584K, 61% used [0x00000000c0000000,0x00000000cc307f58,0x00000000d3c00000)
 PSPermGen       total 21504K, used 6352K [0x00000000b5a00000, 0x00000000b6f00000, 0x00000000c0000000)
  object space 21504K, 29% used [0x00000000b5a00000,0x00000000b6034160,0x00000000b6f00000)
Event: 41.310 GC heap after
Heap after GC invocations=23 (full 4):
 PSYoungGen      total 233472K, used 74053K [0x00000000eaa80000, 0x0000000100000000, 0x0000000100000000)
  eden space 117248K, 0% used [0x00000000eaa80000,0x00000000eaa80000,0x00000000f1d00000)
  from space 116224K, 63% used [0x00000000f1d00000,0x00000000f6551760,0x00000000f8e80000)
  to   space 116224K, 0% used [0x00000000f8e80000,0x00000000f8e80000,0x0000000100000000)
 ParOldGen       total 323584K, used 259756K [0x00000000c0000000, 0x00000000d3c00000, 0x00000000eaa80000)
  object space 323584K, 80% used [0x00000000c0000000,0x00000000cfdab178,0x00000000d3c00000)
 PSPermGen       total 21504K, used 6352K [0x00000000b5a00000, 0x00000000b6f00000, 0x00000000c0000000)
  object space 21504K, 29% used [0x00000000b5a00000,0x00000000b6034160,0x00000000b6f00000)
}
Event: 41.433 GC heap before
{Heap before GC invocations=24 (full 4):
 PSYoungGen      total 233472K, used 191301K [0x00000000eaa80000, 0x0000000100000000, 0x0000000100000000)
  eden space 117248K, 100% used [0x00000000eaa80000,0x00000000f1d00000,0x00000000f1d00000)
  from space 116224K, 63% used [0x00000000f1d00000,0x00000000f6551760,0x00000000f8e80000)
  to   space 116224K, 0% used [0x00000000f8e80000,0x00000000f8e80000,0x0000000100000000)
 ParOldGen       total 323584K, used 259756K [0x00000000c0000000, 0x00000000d3c00000, 0x00000000eaa80000)
  object space 323584K, 80% used [0x00000000c0000000,0x00000000cfdab178,0x00000000d3c00000)
 PSPermGen       total 21504K, used 6356K [0x00000000b5a00000, 0x00000000b6f00000, 0x00000000c0000000)
  object space 21504K, 29% used [0x00000000b5a00000,0x00000000b6035260,0x00000000b6f00000)
Event: 43.841 GC heap after
Heap after GC invocations=24 (full 4):
 PSYoungGen      total 233472K, used 34842K [0x00000000eaa80000, 0x0000000100000000, 0x0000000100000000)
  eden space 117248K, 0% used [0x00000000eaa80000,0x00000000eaa80000,0x00000000f1d00000)
  from space 116224K, 29% used [0x00000000f8e80000,0x00000000fb086aa0,0x0000000100000000)
  to   space 116224K, 0% used [0x00000000f1d00000,0x00000000f1d00000,0x00000000f8e80000)
 ParOldGen       total 338944K, used 337135K [0x00000000c0000000, 0x00000000d4b00000, 0x00000000eaa80000)
  object space 338944K, 99% used [0x00000000c0000000,0x00000000d493bd48,0x00000000d4b00000)
 PSPermGen       total 21504K, used 6356K [0x00000000b5a00000, 0x00000000b6f00000, 0x00000000c0000000)
  object space 21504K, 29% used [0x00000000b5a00000,0x00000000b6035260,0x00000000b6f00000)
}
Event: 43.911 GC heap before
{Heap before GC invocations=25 (full 5):
 PSYoungGen      total 233472K, used 34842K [0x00000000eaa80000, 0x0000000100000000, 0x0000000100000000)
  eden space 117248K, 0% used [0x00000000eaa80000,0x00000000eaa80000,0x00000000f1d00000)
  from space 116224K, 29% used [0x00000000f8e80000,0x00000000fb086aa0,0x0000000100000000)
  to   space 116224K, 0% used [0x00000000f1d00000,0x00000000f1d00000,0x00000000f8e80000)
 ParOldGen       total 338944K, used 337135K [0x00000000c0000000, 0x00000000d4b00000, 0x00000000eaa80000)
  object space 338944K, 99% used [0x00000000c0000000,0x00000000d493bd48,0x00000000d4b00000)
 PSPermGen       total 21504K, used 6356K [0x00000000b5a00000, 0x00000000b6f00000, 0x00000000c0000000)
  object space 21504K, 29% used [0x00000000b5a00000,0x00000000b6035260,0x00000000b6f00000)

