# JRE version: OpenJDK Runtime Environment (7.0_95) (build 1.7.0_95-b00)
# Java VM: OpenJDK 64-Bit Server VM (24.95-b01 mixed mode linux-amd64 compressed oops)
Heap
 PSYoungGen      total 189952K, used 27128K [0x00000000eaa80000, 0x00000000f8480000, 0x0000000100000000)
  eden space 162816K, 0% used [0x00000000eaa80000,0x00000000eaa80000,0x00000000f4980000)
  from space 27136K, 99% used [0x00000000f4980000,0x00000000f63fe308,0x00000000f6400000)
  to   space 20992K, 0% used [0x00000000f6400000,0x00000000f6400000,0x00000000f7880000)
 ParOldGen       total 56832K, used 49636K [0x00000000c0000000, 0x00000000c3780000, 0x00000000eaa80000)
  object space 56832K, 87% used [0x00000000c0000000,0x00000000c30793b0,0x00000000c3780000)
 PSPermGen       total 21504K, used 6388K [0x00000000b5a00000, 0x00000000b6f00000, 0x00000000c0000000)
  object space 21504K, 29% used [0x00000000b5a00000,0x00000000b603d118,0x00000000b6f00000)
GC Heap History (10 events):
Event: 12.278 GC heap after
Heap after GC invocations=4 (full 0):
 PSYoungGen      total 46592K, used 3553K [0x00000000eaa80000, 0x00000000edb80000, 0x0000000100000000)
  eden space 43008K, 0% used [0x00000000eaa80000,0x00000000eaa80000,0x00000000ed480000)
  from space 3584K, 99% used [0x00000000ed800000,0x00000000edb786f8,0x00000000edb80000)
  to   space 3584K, 0% used [0x00000000ed480000,0x00000000ed480000,0x00000000ed800000)
 ParOldGen       total 56832K, used 9689K [0x00000000c0000000, 0x00000000c3780000, 0x00000000eaa80000)
  object space 56832K, 17% used [0x00000000c0000000,0x00000000c0976538,0x00000000c3780000)
 PSPermGen       total 21504K, used 6189K [0x00000000b5a00000, 0x00000000b6f00000, 0x00000000c0000000)
  object space 21504K, 28% used [0x00000000b5a00000,0x00000000b600b530,0x00000000b6f00000)
}
Event: 16.567 GC heap before
{Heap before GC invocations=5 (full 0):
 PSYoungGen      total 46592K, used 46561K [0x00000000eaa80000, 0x00000000edb80000, 0x0000000100000000)
  eden space 43008K, 100% used [0x00000000eaa80000,0x00000000ed480000,0x00000000ed480000)
  from space 3584K, 99% used [0x00000000ed800000,0x00000000edb786f8,0x00000000edb80000)
  to   space 3584K, 0% used [0x00000000ed480000,0x00000000ed480000,0x00000000ed800000)
 ParOldGen       total 56832K, used 9689K [0x00000000c0000000, 0x00000000c3780000, 0x00000000eaa80000)
  object space 56832K, 17% used [0x00000000c0000000,0x00000000c0976538,0x00000000c3780000)
 PSPermGen       total 21504K, used 6219K [0x00000000b5a00000, 0x00000000b6f00000, 0x00000000c0000000)
  object space 21504K, 28% used [0x00000000b5a00000,0x00000000b6012fe8,0x00000000b6f00000)
Event: 16.627 GC heap after
Heap after GC invocations=5 (full 0):
 PSYoungGen      total 46592K, used 3572K [0x00000000eaa80000, 0x00000000f1680000, 0x0000000100000000)
  eden space 43008K, 0% used [0x00000000eaa80000,0x00000000eaa80000,0x00000000ed480000)
  from space 3584K, 99% used [0x00000000ed480000,0x00000000ed7fd378,0x00000000ed800000)
  to   space 12288K, 0% used [0x00000000f0a80000,0x00000000f0a80000,0x00000000f1680000)
 ParOldGen       total 56832K, used 16253K [0x00000000c0000000, 0x00000000c3780000, 0x00000000eaa80000)
  object space 56832K, 28% used [0x00000000c0000000,0x00000000c0fdf538,0x00000000c3780000)
 PSPermGen       total 21504K, used 6219K [0x00000000b5a00000, 0x00000000b6f00000, 0x00000000c0000000)
  object space 21504K, 28% used [0x00000000b5a00000,0x00000000b6012fe8,0x00000000b6f00000)
}
Event: 19.824 GC heap before
{Heap before GC invocations=6 (full 0):
 PSYoungGen      total 46592K, used 46580K [0x00000000eaa80000, 0x00000000f1680000, 0x0000000100000000)
  eden space 43008K, 100% used [0x00000000eaa80000,0x00000000ed480000,0x00000000ed480000)
  from space 3584K, 99% used [0x00000000ed480000,0x00000000ed7fd378,0x00000000ed800000)
  to   space 12288K, 0% used [0x00000000f0a80000,0x00000000f0a80000,0x00000000f1680000)
 ParOldGen       total 56832K, used 16253K [0x00000000c0000000, 0x00000000c3780000, 0x00000000eaa80000)
  object space 56832K, 28% used [0x00000000c0000000,0x00000000c0fdf538,0x00000000c3780000)
 PSPermGen       total 21504K, used 6255K [0x00000000b5a00000, 0x00000000b6f00000, 0x00000000c0000000)
  object space 21504K, 29% used [0x00000000b5a00000,0x00000000b601bea8,0x00000000b6f00000)
Event: 19.952 GC heap after
Heap after GC invocations=6 (full 0):
 PSYoungGen      total 96768K, used 10561K [0x00000000eaa80000, 0x00000000f1980000, 0x0000000100000000)
  eden space 84480K, 0% used [0x00000000eaa80000,0x00000000eaa80000,0x00000000efd00000)
  from space 12288K, 85% used [0x00000000f0a80000,0x00000000f14d0718,0x00000000f1680000)
  to   space 13824K, 0% used [0x00000000efd00000,0x00000000efd00000,0x00000000f0a80000)
 ParOldGen       total 56832K, used 16253K [0x00000000c0000000, 0x00000000c3780000, 0x00000000eaa80000)
  object space 56832K, 28% used [0x00000000c0000000,0x00000000c0fdf538,0x00000000c3780000)
 PSPermGen       total 21504K, used 6255K [0x00000000b5a00000, 0x00000000b6f00000, 0x00000000c0000000)
  object space 21504K, 29% used [0x00000000b5a00000,0x00000000b601bea8,0x00000000b6f00000)
}
Event: 25.052 GC heap before
{Heap before GC invocations=7 (full 0):
 PSYoungGen      total 96768K, used 95041K [0x00000000eaa80000, 0x00000000f1980000, 0x0000000100000000)
  eden space 84480K, 100% used [0x00000000eaa80000,0x00000000efd00000,0x00000000efd00000)
  from space 12288K, 85% used [0x00000000f0a80000,0x00000000f14d0718,0x00000000f1680000)
  to   space 13824K, 0% used [0x00000000efd00000,0x00000000efd00000,0x00000000f0a80000)
 ParOldGen       total 56832K, used 16253K [0x00000000c0000000, 0x00000000c3780000, 0x00000000eaa80000)
  object space 56832K, 28% used [0x00000000c0000000,0x00000000c0fdf538,0x00000000c3780000)
 PSPermGen       total 21504K, used 6287K [0x00000000b5a00000, 0x00000000b6f00000, 0x00000000c0000000)
  object space 21504K, 29% used [0x00000000b5a00000,0x00000000b6023d68,0x00000000b6f00000)
Event: 26.689 GC heap after
Heap after GC invocations=7 (full 0):
 PSYoungGen      total 98304K, used 13793K [0x00000000eaa80000, 0x00000000f7880000, 0x0000000100000000)
  eden space 84480K, 0% used [0x00000000eaa80000,0x00000000eaa80000,0x00000000efd00000)
  from space 13824K, 99% used [0x00000000efd00000,0x00000000f0a786b0,0x00000000f0a80000)
  to   space 20992K, 0% used [0x00000000f6400000,0x00000000f6400000,0x00000000f7880000)
 ParOldGen       total 56832K, used 26021K [0x00000000c0000000, 0x00000000c3780000, 0x00000000eaa80000)
  object space 56832K, 45% used [0x00000000c0000000,0x00000000c19697e0,0x00000000c3780000)
 PSPermGen       total 21504K, used 6287K [0x00000000b5a00000, 0x00000000b6f00000, 0x00000000c0000000)
  object space 21504K, 29% used [0x00000000b5a00000,0x00000000b6023d68,0x00000000b6f00000)
}
Event: 32.002 GC heap before
{Heap before GC invocations=8 (full 0):
 PSYoungGen      total 98304K, used 98273K [0x00000000eaa80000, 0x00000000f7880000, 0x0000000100000000)
  eden space 84480K, 100% used [0x00000000eaa80000,0x00000000efd00000,0x00000000efd00000)
  from space 13824K, 99% used [0x00000000efd00000,0x00000000f0a786b0,0x00000000f0a80000)
  to   space 20992K, 0% used [0x00000000f6400000,0x00000000f6400000,0x00000000f7880000)
 ParOldGen       total 56832K, used 26021K [0x00000000c0000000, 0x00000000c3780000, 0x00000000eaa80000)
  object space 56832K, 45% used [0x00000000c0000000,0x00000000c19697e0,0x00000000c3780000)
 PSPermGen       total 21504K, used 6355K [0x00000000b5a00000, 0x00000000b6f00000, 0x00000000c0000000)
  object space 21504K, 29% used [0x00000000b5a00000,0x00000000b6034c28,0x00000000b6f00000)
Event: 38.451 GC heap after
Heap after GC invocations=8 (full 0):
 PSYoungGen      total 183808K, used 20983K [0x00000000eaa80000, 0x00000000f8480000, 0x0000000100000000)
  eden space 162816K, 0% used [0x00000000eaa80000,0x00000000eaa80000,0x00000000f4980000)
  from space 20992K, 99% used [0x00000000f6400000,0x00000000f787de08,0x00000000f7880000)
  to   space 27136K, 0% used [0x00000000f4980000,0x00000000f4980000,0x00000000f6400000)
 ParOldGen       total 56832K, used 31892K [0x00000000c0000000, 0x00000000c3780000, 0x00000000eaa80000)
  object space 56832K, 56% used [0x00000000c0000000,0x00000000c1f25000,0x00000000c3780000)
 PSPermGen       total 21504K, used 6355K [0x00000000b5a00000, 0x00000000b6f00000, 0x00000000c0000000)
  object space 21504K, 29% used [0x00000000b5a00000,0x00000000b6034c28,0x00000000b6f00000)
}
Event: 63.845 GC heap before
{Heap before GC invocations=9 (full 0):
 PSYoungGen      total 183808K, used 183799K [0x00000000eaa80000, 0x00000000f8480000, 0x0000000100000000)
  eden space 162816K, 100% used [0x00000000eaa80000,0x00000000f4980000,0x00000000f4980000)
  from space 20992K, 99% used [0x00000000f6400000,0x00000000f787de08,0x00000000f7880000)
  to   space 27136K, 0% used [0x00000000f4980000,0x00000000f4980000,0x00000000f6400000)
 ParOldGen       total 56832K, used 31892K [0x00000000c0000000, 0x00000000c3780000, 0x00000000eaa80000)
  object space 56832K, 56% used [0x00000000c0000000,0x00000000c1f25000,0x00000000c3780000)
 PSPermGen       total 21504K, used 6388K [0x00000000b5a00000, 0x00000000b6f00000, 0x00000000c0000000)
  object space 21504K, 29% used [0x00000000b5a00000,0x00000000b603d118,0x00000000b6f00000)

